{"time":"2022-09-11T22:01:56.47553+03:00", "method":"POST","uri":"/auth/sign-up", "status":500,"error":"pq: there is no parameter $1"}
{"time":"2022-09-11T22:06:02.799996+03:00", "method":"POST","uri":"/auth/sign-up", "status":200,"error":""}
{"time":"2022-09-11T22:28:09.523839+03:00", "method":"POST","uri":"/auth/sign-up", "status":500,"error":"pq: duplicate key value violates unique constraint \"users_username_key\""}
{"time":"2022-09-11T22:29:03.115734+03:00", "method":"POST","uri":"/auth/sign-in", "status":200,"error":""}
{"time":"2022-09-11T22:29:34.457232+03:00", "method":"POST","uri":"/auth/sign-in", "status":401,"error":"sql: no rows in result set"}
{"time":"2022-09-11T22:29:38.942526+03:00", "method":"POST","uri":"/auth/sign-in", "status":200,"error":""}
{"time":"2022-09-11T22:29:41.102414+03:00", "method":"POST","uri":"/auth/sign-in", "status":200,"error":""}
{"time":"2022-09-11T22:29:42.102988+03:00", "method":"POST","uri":"/auth/sign-in", "status":200,"error":""}
{"time":"2022-09-11T22:46:22.597921+03:00", "method":"POST","uri":"/auth/sign-in", "status":401,"error":"sql: no rows in result set"}
{"time":"2022-09-11T22:48:07.242102+03:00", "method":"POST","uri":"/auth/sign-in", "status":401,"error":"sql: no rows in result set"}
{"time":"2022-09-11T22:53:25.299198+03:00", "method":"POST","uri":"/auth/sign-in", "status":401,"error":"sql: no rows in result set"}
{"time":"2022-09-11T22:53:43.844275+03:00", "method":"POST","uri":"/auth/sign-up", "status":500,"error":"pq: duplicate key value violates unique constraint \"users_username_key\""}
{"time":"2022-09-11T22:53:49.687658+03:00", "method":"POST","uri":"/auth/sign-in", "status":401,"error":"sql: no rows in result set"}
{"time":"2022-09-11T22:54:53.677198+03:00", "method":"POST","uri":"/auth/sign-in", "status":401,"error":"sql: no rows in result set"}
{"time":"2022-09-11T22:58:22.121573+03:00", "method":"POST","uri":"/auth/sign-in", "status":401,"error":"sql: no rows in result set"}
{"time":"2022-09-11T22:58:28.234455+03:00", "method":"POST","uri":"/auth/sign-in", "status":401,"error":"sql: no rows in result set"}
{"time":"2022-09-11T22:58:57.723458+03:00", "method":"POST","uri":"/auth/sign-in", "status":401,"error":"sql: no rows in result set"}
{"time":"2022-09-11T22:59:13.413516+03:00", "method":"POST","uri":"/auth/sign-in", "status":401,"error":"sql: no rows in result set"}
{"time":"2022-09-11T22:59:20.393562+03:00", "method":"POST","uri":"/auth/sign-in", "status":401,"error":"sql: no rows in result set"}
{"time":"2022-09-11T22:59:52.324514+03:00", "method":"POST","uri":"/auth/sign-in", "status":401,"error":"sql: no rows in result set"}
{"time":"2022-09-11T23:00:00.563874+03:00", "method":"POST","uri":"/auth/sign-up", "status":500,"error":"pq: duplicate key value violates unique constraint \"users_username_key\""}
{"time":"2022-09-11T23:00:05.825554+03:00", "method":"POST","uri":"/auth/sign-in", "status":401,"error":"sql: no rows in result set"}
{"time":"2022-09-11T23:00:56.006528+03:00", "method":"POST","uri":"/auth/sign-in", "status":500,"error":"illegal base64 data at input byte 5"}
{"time":"2022-09-11T23:02:47.606325+03:00", "method":"POST","uri":"/auth/sign-in", "status":500,"error":"illegal base64 data at input byte 5"}
{"time":"2022-09-11T23:03:53.68665+03:00", "method":"POST","uri":"/auth/sign-in", "status":500,"error":"illegal base64 data at input byte 5"}
{"time":"2022-09-11T23:07:35.044373+03:00", "method":"POST","uri":"/auth/sign-in", "status":200,"error":""}
{"time":"2022-09-11T23:19:09.370149+03:00", "method":"POST","uri":"/auth/sign-in", "status":200,"error":""}
{"time":"2022-09-12T00:00:30.949184+03:00", "method":"GET","uri":"/api/statistics", "status":404,"error":"code=404, message=Not Found"}
{"time":"2022-09-12T00:01:03.046551+03:00", "method":"GET","uri":"/api/statistics/", "status":401,"error":"signature is invalid"}
{"time":"2022-09-12T00:04:23.403907+03:00", "method":"GET","uri":"/api/statistics/", "status":200,"error":""}
{"time":"2022-09-12T00:04:26.283012+03:00", "method":"GET","uri":"/api/statistics/", "status":200,"error":""}
{"time":"2022-09-12T00:04:26.942516+03:00", "method":"GET","uri":"/api/statistics/", "status":200,"error":""}
{"time":"2022-09-12T02:31:14.316708+03:00", "method":"GET","uri":"/api/statistics/", "status":200,"error":""}
{"time":"2022-09-12T02:55:07.670576+03:00", "method":"POST","uri":"/api/statistics/", "status":400,"error":""}
{"time":"2022-09-12T03:04:02.690857+03:00", "method":"POST","uri":"/api/statistics/", "status":400,"error":""}
{"time":"2022-09-12T03:06:26.930592+03:00", "method":"POST","uri":"/api/statistics/", "status":400,"error":""}
{"time":"2022-09-12T03:07:01.158675+03:00", "method":"POST","uri":"/api/statistics/", "status":500,"error":""}
{"time":"2022-09-12T03:08:36.429782+03:00", "method":"POST","uri":"/api/statistics/", "status":200,"error":""}
{"time":"2022-09-12T03:09:09.8972+03:00", "method":"POST","uri":"/api/statistics/", "status":200,"error":""}
{"time":"2022-09-12T16:33:06.700616+03:00", "method":"GET","uri":"/api/statistics/", "status":200,"error":""}
{"time":"2022-09-12T16:33:28.407203+03:00", "method":"GET","uri":"/api/statistics/2", "status":200,"error":""}
{"time":"2022-09-12T16:42:01.039805+03:00", "method":"GET","uri":"/api/statistics/2", "status":200,"error":""}
{"time":"2022-09-12T16:42:04.098897+03:00", "method":"GET","uri":"/api/statistics/", "status":200,"error":""}
{"time":"2022-09-12T16:42:54.924678+03:00", "method":"GET","uri":"/api/statistics/", "status":200,"error":""}
{"time":"2022-09-12T16:45:13.532728+03:00", "method":"GET","uri":"/api/statistics/", "status":200,"error":""}
{"time":"2022-09-12T16:46:20.570848+03:00", "method":"GET","uri":"/api/statistics/", "status":200,"error":""}
{"time":"2022-09-12T17:11:22.256005+03:00", "method":"GET","uri":"/api/statistics/", "status":200,"error":""}
{"time":"2022-09-12T18:02:16.301967+03:00", "method":"GET","uri":"/api/statistics/", "status":200,"error":""}
{"time":"2022-09-12T18:05:31.467705+03:00", "method":"POST","uri":"/api/statistics/", "status":400,"error":""}
{"time":"2022-09-12T18:16:54.618869+03:00", "method":"POST","uri":"/api/statistics/", "status":400,"error":""}
{"time":"2022-09-12T18:18:47.352174+03:00", "method":"POST","uri":"/api/statistics/", "status":200,"error":""}
{"time":"2022-09-12T18:19:20.592376+03:00", "method":"GET","uri":"/api/statistics/", "status":200,"error":""}
{"time":"2022-09-12T18:44:43.411532+03:00", "method":"DELETE","uri":"/api/statistics/?record_id=3", "status":200,"error":""}
{"time":"2022-09-12T18:44:48.040275+03:00", "method":"DELETE","uri":"/api/statistics/?record_id=3", "status":200,"error":""}
{"time":"2022-09-12T18:44:50.37943+03:00", "method":"DELETE","uri":"/api/statistics/?record_id=3", "status":200,"error":""}
{"time":"2022-09-12T18:44:50.911792+03:00", "method":"DELETE","uri":"/api/statistics/?record_id=3", "status":200,"error":""}
{"time":"2022-09-12T18:44:57.143764+03:00", "method":"DELETE","uri":"/api/statistics/?record_id=4", "status":200,"error":""}
{"time":"2022-09-12T18:45:01.066086+03:00", "method":"DELETE","uri":"/api/statistics/?record_id=3", "status":200,"error":""}
{"time":"2022-09-12T18:54:50.039085+03:00", "method":"PUT","uri":"/api/statistics/?record_id=2", "status":200,"error":""}
{"time":"2022-09-12T18:55:01.157903+03:00", "method":"GET","uri":"/api/statistics/2", "status":200,"error":""}
{"time":"2022-09-12T18:55:30.653667+03:00", "method":"GET","uri":"/api/statistics/", "status":200,"error":""}
{"time":"2022-09-12T18:55:39.082465+03:00", "method":"GET","uri":"/api/statistics/2", "status":200,"error":""}
{"time":"2022-09-12T18:55:50.238267+03:00", "method":"PUT","uri":"/api/statistics/?record_id=2", "status":200,"error":""}
{"time":"2022-09-12T18:55:53.276311+03:00", "method":"GET","uri":"/api/statistics/2", "status":200,"error":""}
{"time":"2022-09-12T18:57:38.786607+03:00", "method":"GET","uri":"/api/statistics/2", "status":200,"error":""}
{"time":"2022-09-12T18:58:56.638357+03:00", "method":"GET","uri":"/api/statistics/2", "status":200,"error":""}
{"time":"2022-09-12T19:02:32.951116+03:00", "method":"GET","uri":"/api/statistics/2", "status":200,"error":""}
{"time":"2022-09-12T19:02:43.671463+03:00", "method":"GET","uri":"/api/statistics/2", "status":200,"error":""}
{"time":"2022-09-12T19:03:05.413817+03:00", "method":"GET","uri":"/api/statistics/", "status":200,"error":""}
{"time":"2022-09-12T19:03:24.021353+03:00", "method":"GET","uri":"/api/statistics/2", "status":200,"error":""}
{"time":"2022-09-12T19:12:47.165148+03:00", "method":"GET","uri":"/api/statistics/2", "status":200,"error":""}
